mode: set
github.com/ryananyangu/gormabs/gormcustomizations.go:25.85,28.16 2 1
github.com/ryananyangu/gormabs/gormcustomizations.go:28.16,30.3 1 1
github.com/ryananyangu/gormabs/gormcustomizations.go:31.2,31.58 1 1
github.com/ryananyangu/gormabs/gormcustomizations.go:31.58,33.3 1 1
github.com/ryananyangu/gormabs/gormcustomizations.go:35.2,37.25 3 1
github.com/ryananyangu/gormabs/gormcustomizations.go:37.25,40.3 2 1
github.com/ryananyangu/gormabs/gormcustomizations.go:41.2,43.31 3 1
github.com/ryananyangu/gormabs/gormcustomizations.go:43.31,47.3 3 1
github.com/ryananyangu/gormabs/gormcustomizations.go:48.2,49.8 2 1
github.com/ryananyangu/gormabs/gormcustomizations.go:52.90,54.39 1 1
github.com/ryananyangu/gormabs/gormcustomizations.go:54.39,56.44 2 1
github.com/ryananyangu/gormabs/gormcustomizations.go:56.44,57.12 1 1
github.com/ryananyangu/gormabs/gormcustomizations.go:59.3,62.26 3 1
github.com/ryananyangu/gormabs/gormcustomizations.go:63.16,64.72 1 0
github.com/ryananyangu/gormabs/gormcustomizations.go:65.13,66.83 1 1
github.com/ryananyangu/gormabs/gormcustomizations.go:67.14,68.61 1 1
github.com/ryananyangu/gormabs/gormcustomizations.go:69.14,70.61 1 1
github.com/ryananyangu/gormabs/gormcustomizations.go:71.13,72.60 1 1
github.com/ryananyangu/gormabs/gormcustomizations.go:73.13,74.60 1 1
github.com/ryananyangu/gormabs/gormcustomizations.go:75.13,76.60 1 1
github.com/ryananyangu/gormabs/gormcustomizations.go:77.15,78.71 1 1
github.com/ryananyangu/gormabs/gormcustomizations.go:79.15,81.50 2 1
github.com/ryananyangu/gormabs/gormcustomizations.go:81.50,84.5 2 1
github.com/ryananyangu/gormabs/gormcustomizations.go:86.4,86.102 1 1
github.com/ryananyangu/gormabs/gormcustomizations.go:87.11,88.12 1 1
github.com/ryananyangu/gormabs/gormcustomizations.go:92.2,93.8 2 1
github.com/ryananyangu/gormabs/gormcustomizations.go:96.124,98.30 2 1
github.com/ryananyangu/gormabs/gormcustomizations.go:98.30,100.3 1 1
github.com/ryananyangu/gormabs/gormcustomizations.go:101.2,101.21 1 1
github.com/ryananyangu/gormabs/gormcustomizations.go:101.21,104.32 3 0
github.com/ryananyangu/gormabs/gormcustomizations.go:104.32,106.4 1 0
github.com/ryananyangu/gormabs/gormcustomizations.go:108.2,110.16 3 1
github.com/ryananyangu/gormabs/gormcustomizations.go:110.16,112.3 1 0
github.com/ryananyangu/gormabs/gormcustomizations.go:113.2,114.16 2 1
github.com/ryananyangu/gormabs/gormcustomizations.go:114.16,116.3 1 0
github.com/ryananyangu/gormabs/gormcustomizations.go:117.2,117.21 1 1
github.com/ryananyangu/gormabs/gormcustomizations.go:117.21,119.17 2 0
github.com/ryananyangu/gormabs/gormcustomizations.go:119.17,121.4 1 0
github.com/ryananyangu/gormabs/gormcustomizations.go:122.3,123.17 2 0
github.com/ryananyangu/gormabs/gormcustomizations.go:123.17,125.4 1 0
github.com/ryananyangu/gormabs/gormcustomizations.go:127.2,127.12 1 1
github.com/ryananyangu/gormabs/gormcustomizations.go:130.126,132.30 2 1
github.com/ryananyangu/gormabs/gormcustomizations.go:132.30,134.3 1 1
github.com/ryananyangu/gormabs/gormcustomizations.go:135.2,135.21 1 1
github.com/ryananyangu/gormabs/gormcustomizations.go:135.21,138.32 3 0
github.com/ryananyangu/gormabs/gormcustomizations.go:138.32,140.4 1 0
github.com/ryananyangu/gormabs/gormcustomizations.go:142.2,144.16 3 1
github.com/ryananyangu/gormabs/gormcustomizations.go:144.16,146.3 1 1
github.com/ryananyangu/gormabs/gormcustomizations.go:147.2,148.16 2 1
github.com/ryananyangu/gormabs/gormcustomizations.go:148.16,150.3 1 0
github.com/ryananyangu/gormabs/gormcustomizations.go:151.2,151.21 1 1
github.com/ryananyangu/gormabs/gormcustomizations.go:151.21,153.17 2 0
github.com/ryananyangu/gormabs/gormcustomizations.go:153.17,155.4 1 0
github.com/ryananyangu/gormabs/gormcustomizations.go:156.3,157.17 2 0
github.com/ryananyangu/gormabs/gormcustomizations.go:157.17,159.4 1 0
github.com/ryananyangu/gormabs/gormcustomizations.go:161.2,161.8 1 1
